<?xml version="1.0" encoding="UTF-8"?>
<!-- Generated by org.testng.reporters.JUnitReportReporter -->
<testsuite hostname="KiransLaptop231.hitronhub.home" failures="0" tests="1" name="testCases.TC_002_LoginTest" time="3.912" errors="0" timestamp="2024-12-19T20:38:20 CST" skipped="0">
  <testcase classname="testCases.TC_002_LoginTest" name="verify_login" time="3.912"/>
</testsuite> <!-- testCases.TC_002_LoginTest -->
