<?xml version="1.0" encoding="UTF-8"?>
<!-- Generated by org.testng.reporters.JUnitReportReporter -->
<testsuite hostname="KiransLaptop231.hitronhub.home" failures="0" tests="1" name="testCases.TC_001_AccountRegistrationTest" time="8.537" errors="0" timestamp="2024-12-19T20:38:20 CST" skipped="0">
  <testcase classname="testCases.TC_001_AccountRegistrationTest" name="verify_account_registration" time="8.537"/>
</testsuite> <!-- testCases.TC_001_AccountRegistrationTest -->
