<?xml version="1.0" encoding="UTF-8"?>
<!-- Generated by org.testng.reporters.JUnitReportReporter -->
<testsuite hostname="KiransLaptop231.hitronhub.home" failures="0" tests="1" name="testCases.TC_002_LoginTest" time="0.750" errors="0" timestamp="2024-12-21T10:58:40 CST" skipped="0">
  <testcase classname="testCases.TC_002_LoginTest" name="verify_login" time="0.750"/>
</testsuite> <!-- testCases.TC_002_LoginTest -->
