<?xml version="1.0" encoding="UTF-8"?>
<!-- Generated by org.testng.reporters.JUnitReportReporter -->
<testsuite hostname="KiransLaptop231.hitronhub.home" failures="0" tests="1" name="testCases.TC_002_LoginTest" time="0.786" errors="0" timestamp="2024-12-19T22:36:07 CST" skipped="0">
  <testcase classname="testCases.TC_002_LoginTest" name="verify_login" time="0.786"/>
</testsuite> <!-- testCases.TC_002_LoginTest -->
