<?xml version="1.0" encoding="UTF-8"?>
<!-- Generated by org.testng.reporters.JUnitReportReporter -->
<testsuite hostname="KiransLaptop231.hitronhub.home" failures="0" tests="1" name="testCases.TC_001_AccountRegistrationTest" time="4.189" errors="0" timestamp="2024-12-21T10:58:40 CST" skipped="0">
  <testcase classname="testCases.TC_001_AccountRegistrationTest" name="verify_account_registration" time="4.189"/>
</testsuite> <!-- testCases.TC_001_AccountRegistrationTest -->
